0 info it worked if it ends with ok
1 verbose cli [ 'node',
1 verbose cli   '/Users/chrisgonzalez/.nvm/v0.10.38/bin/npm',
1 verbose cli   'run',
1 verbose cli   'test' ]
2 info using npm@2.9.1
3 info using node@v0.10.38
4 verbose run-script [ 'pretest', 'test', 'posttest' ]
5 info pretest eq.js@1.7.1
6 info test eq.js@1.7.1
7 verbose unsafe-perm in lifecycle true
8 info eq.js@1.7.1 Failed to exec test script
9 verbose stack Error: eq.js@1.7.1 test: `gulp travis`
9 verbose stack Exit status 1
9 verbose stack     at EventEmitter.<anonymous> (/Users/chrisgonzalez/.nvm/v0.10.38/lib/node_modules/npm/lib/utils/lifecycle.js:213:16)
9 verbose stack     at EventEmitter.emit (events.js:98:17)
9 verbose stack     at ChildProcess.<anonymous> (/Users/chrisgonzalez/.nvm/v0.10.38/lib/node_modules/npm/lib/utils/spawn.js:24:14)
9 verbose stack     at ChildProcess.emit (events.js:98:17)
9 verbose stack     at maybeClose (child_process.js:766:16)
9 verbose stack     at Process.ChildProcess._handle.onexit (child_process.js:833:5)
10 verbose pkgid eq.js@1.7.1
11 verbose cwd /Users/chrisgonzalez/git/eq.js
12 error Darwin 14.3.0
13 error argv "node" "/Users/chrisgonzalez/.nvm/v0.10.38/bin/npm" "run" "test"
14 error node v0.10.38
15 error npm  v2.9.1
16 error code ELIFECYCLE
17 error eq.js@1.7.1 test: `gulp travis`
17 error Exit status 1
18 error Failed at the eq.js@1.7.1 test script 'gulp travis'.
18 error This is most likely a problem with the eq.js package,
18 error not with npm itself.
18 error Tell the author that this fails on your system:
18 error     gulp travis
18 error You can get their info via:
18 error     npm owner ls eq.js
18 error There is likely additional logging output above.
19 verbose exit [ 1, true ]
